<?xml version="1.0" encoding="UTF-8"?>
<!-- Generated by org.testng.reporters.JUnitReportReporter -->
<testsuite hostname="ESBCN01L5PVLHM2" name="ricoh.es.presentation.GOB_ScreenValidation" tests="1" failures="0" timestamp="13 Jun 2018 14:14:53 GMT" time="36.315" errors="0">
  <testcase name="screenValidation" time="36.315" classname="ricoh.es.presentation.GOB_ScreenValidation"/>
</testsuite> <!-- ricoh.es.presentation.GOB_ScreenValidation -->
