<?xml version="1.0" encoding="UTF-8"?>
<!-- Generated by org.testng.reporters.JUnitReportReporter -->
<testsuite hostname="ESBCN01L5PVLHM2" name="ricoh.es.presentation.ScreenValidation" tests="1" failures="0" timestamp="11 Jun 2018 09:12:10 GMT" time="15.715" errors="0">
  <testcase name="testCase1" time="15.715" classname="ricoh.es.presentation.ScreenValidation"/>
</testsuite> <!-- ricoh.es.presentation.ScreenValidation -->
