<?xml version="1.0" encoding="UTF-8"?>
<!-- Generated by org.testng.reporters.JUnitReportReporter -->
<testsuite hostname="ESBCN01L5PVLHM2" name="ricoh.es.presentation.TestCase1" tests="1" failures="0" timestamp="7 Jun 2018 10:37:54 GMT" time="50.440" errors="0">
  <testcase name="testCase1" time="50.440" classname="ricoh.es.presentation.TestCase1"/>
</testsuite> <!-- ricoh.es.presentation.TestCase1 -->
