<?xml version="1.0" encoding="UTF-8"?>
<!-- Generated by org.testng.reporters.JUnitReportReporter -->
<testsuite hostname="ESBCN01L5PVLHM2" name="ricoh.es.presentation.GOB_ScreenValidation" tests="1" failures="0" timestamp="11 Jun 2018 12:33:49 GMT" time="21.765" errors="0">
  <testcase name="testCase1" time="21.765" classname="ricoh.es.presentation.GOB_ScreenValidation"/>
</testsuite> <!-- ricoh.es.presentation.GOB_ScreenValidation -->
